This is pdfTeX, Version 3.14159265-2.6-1.40.20 (MiKTeX 2.9.6960 64-bit) (preloaded format=pdflatex 2019.2.16)  15 MAR 2020 19:32
entering extended mode
**./2020-03-15-SRI-Gr02-HOFFMANN.tex
(2020-03-15-SRI-Gr02-HOFFMANN.tex
LaTeX2e <2018-12-01>

("C:\Users\Pc\AppData\Local\Programs\MiKTeX 2.9\tex/latex/extsizes\extarticle.c
ls"
Document Class: extarticle 1996/10/08 v1.0 Non Standard LaTeX document class
("C:\Users\Pc\AppData\Local\Programs\MiKTeX 2.9\tex/latex/base\size12.clo"
File: size12.clo 2018/09/03 v1.4i Standard LaTeX file (size option)
)
("C:\Users\Pc\AppData\Local\Programs\MiKTeX 2.9\tex/latex/base\exscale.sty"
Package: exscale 2018/09/24 v2.1i Standard LaTeX package exscale
LaTeX Font Info:    Redeclaring symbol font `largesymbols' on input line 57.
LaTeX Font Info:    Overwriting symbol font `largesymbols' in version `normal'
(Font)                  OMX/cmex/m/n --> OMX/cmex/m/n on input line 57.
LaTeX Font Info:    Overwriting symbol font `largesymbols' in version `bold'
(Font)                  OMX/cmex/m/n --> OMX/cmex/m/n on input line 57.
\big@size=\dimen102
)
\c@part=\count80
\c@section=\count81
\c@subsection=\count82
\c@subsubsection=\count83
\c@paragraph=\count84
\c@subparagraph=\count85
\c@figure=\count86
\c@table=\count87
\abovecaptionskip=\skip41
\belowcaptionskip=\skip42
\bibindent=\dimen103
)
("C:\Users\Pc\AppData\Local\Programs\MiKTeX 2.9\tex/latex/base\inputenc.sty"
Package: inputenc 2018/08/11 v1.3c Input encoding file
\inpenc@prehook=\toks14
\inpenc@posthook=\toks15
)
("C:\Users\Pc\AppData\Local\Programs\MiKTeX 2.9\tex/latex/graphics\graphicx.sty
"
Package: graphicx 2017/06/01 v1.1a Enhanced LaTeX Graphics (DPC,SPQR)
 ("C:\Users\Pc\AppData\Local\Programs\MiKTeX 2.9\tex/latex/graphics\keyval.sty"
Package: keyval 2014/10/28 v1.15 key=value parser (DPC)
\KV@toks@=\toks16
)
("C:\Users\Pc\AppData\Local\Programs\MiKTeX 2.9\tex/latex/graphics\graphics.sty
"
Package: graphics 2017/06/25 v1.2c Standard LaTeX Graphics (DPC,SPQR)
 ("C:\Users\Pc\AppData\Local\Programs\MiKTeX 2.9\tex/latex/graphics\trig.sty"
Package: trig 2016/01/03 v1.10 sin cos tan (DPC)
)
("C:\Users\Pc\AppData\Local\Programs\MiKTeX 2.9\tex/latex/graphics-cfg\graphics
.cfg"
File: graphics.cfg 2016/06/04 v1.11 sample graphics configuration
)
Package graphics Info: Driver file: pdftex.def on input line 99.

("C:\Users\Pc\AppData\Local\Programs\MiKTeX 2.9\tex/latex/graphics-def\pdftex.d
ef"
File: pdftex.def 2018/01/08 v1.0l Graphics/color driver for pdftex
))
\Gin@req@height=\dimen104
\Gin@req@width=\dimen105
) ("C:\Users\Pc\AppData\Local\Programs\MiKTeX 2.9\tex/latex/float\float.sty"
Package: float 2001/11/08 v1.3d Float enhancements (AL)
\c@float@type=\count88
\float@exts=\toks17
\float@box=\box27
\@float@everytoks=\toks18
\@floatcapt=\box28
) (2020-03-15-SRI-Gr02-HOFFMANN.aux)
\openout1 = `2020-03-15-SRI-Gr02-HOFFMANN.aux'.

LaTeX Font Info:    Checking defaults for OML/cmm/m/it on input line 13.
LaTeX Font Info:    ... okay on input line 13.
LaTeX Font Info:    Checking defaults for T1/cmr/m/n on input line 13.
LaTeX Font Info:    ... okay on input line 13.
LaTeX Font Info:    Checking defaults for OT1/cmr/m/n on input line 13.
LaTeX Font Info:    ... okay on input line 13.
LaTeX Font Info:    Checking defaults for OMS/cmsy/m/n on input line 13.
LaTeX Font Info:    ... okay on input line 13.
LaTeX Font Info:    Checking defaults for OMX/cmex/m/n on input line 13.
LaTeX Font Info:    ... okay on input line 13.
LaTeX Font Info:    Checking defaults for U/cmr/m/n on input line 13.
LaTeX Font Info:    ... okay on input line 13.

("C:\Users\Pc\AppData\Local\Programs\MiKTeX 2.9\tex/context/base\supp-pdf.mkii"
[Loading MPS to PDF converter (version 2006.09.02).]
\scratchcounter=\count89
\scratchdimen=\dimen106
\scratchbox=\box29
\nofMPsegments=\count90
\nofMParguments=\count91
\everyMPshowfont=\toks19
\MPscratchCnt=\count92
\MPscratchDim=\dimen107
\MPnumerator=\count93
\makeMPintoPDFobject=\count94
\everyMPtoPDFconversion=\toks20
)
("C:\Users\Pc\AppData\Local\Programs\MiKTeX 2.9\tex/latex/oberdiek\epstopdf-bas
e.sty"
Package: epstopdf-base 2016/05/15 v2.6 Base part for package epstopdf

("C:\Users\Pc\AppData\Local\Programs\MiKTeX 2.9\tex/generic/oberdiek\infwarerr.
sty"
Package: infwarerr 2016/05/16 v1.4 Providing info/warning/error messages (HO)
)
("C:\Users\Pc\AppData\Local\Programs\MiKTeX 2.9\tex/latex/oberdiek\grfext.sty"
Package: grfext 2016/05/16 v1.2 Manage graphics extensions (HO)

("C:\Users\Pc\AppData\Local\Programs\MiKTeX 2.9\tex/generic/oberdiek\kvdefineke
ys.sty"
Package: kvdefinekeys 2016/05/16 v1.4 Define keys (HO)

("C:\Users\Pc\AppData\Local\Programs\MiKTeX 2.9\tex/generic/oberdiek\ltxcmds.st
y"
Package: ltxcmds 2016/05/16 v1.23 LaTeX kernel commands for general use (HO)
)))
("C:\Users\Pc\AppData\Local\Programs\MiKTeX 2.9\tex/latex/oberdiek\kvoptions.st
y"
Package: kvoptions 2016/05/16 v3.12 Key value format for package options (HO)

("C:\Users\Pc\AppData\Local\Programs\MiKTeX 2.9\tex/generic/oberdiek\kvsetkeys.
sty"
Package: kvsetkeys 2016/05/16 v1.17 Key value parser (HO)

("C:\Users\Pc\AppData\Local\Programs\MiKTeX 2.9\tex/generic/oberdiek\etexcmds.s
ty"
Package: etexcmds 2016/05/16 v1.6 Avoid name clashes with e-TeX commands (HO)

("C:\Users\Pc\AppData\Local\Programs\MiKTeX 2.9\tex/generic/oberdiek\ifluatex.s
ty"
Package: ifluatex 2016/05/16 v1.4 Provides the ifluatex switch (HO)
Package ifluatex Info: LuaTeX not detected.
))))
("C:\Users\Pc\AppData\Local\Programs\MiKTeX 2.9\tex/generic/oberdiek\pdftexcmds
.sty"
Package: pdftexcmds 2018/09/10 v0.29 Utility functions of pdfTeX for LuaTeX (HO
)

("C:\Users\Pc\AppData\Local\Programs\MiKTeX 2.9\tex/generic/oberdiek\ifpdf.sty"
Package: ifpdf 2018/09/07 v3.3 Provides the ifpdf switch
)
Package pdftexcmds Info: LuaTeX not detected.
Package pdftexcmds Info: \pdf@primitive is available.
Package pdftexcmds Info: \pdf@ifprimitive is available.
Package pdftexcmds Info: \pdfdraftmode found.
)
Package epstopdf-base Info: Redefining graphics rule for `.eps' on input line 4
38.
Package grfext Info: Graphics extension search list:
(grfext)             [.pdf,.png,.jpg,.mps,.jpeg,.jbig2,.jb2,.PDF,.PNG,.JPG,.JPE
G,.JBIG2,.JB2,.eps]
(grfext)             \AppendGraphicsExtensions on input line 456.
)
LaTeX Font Info:    External font `cmex7' loaded for size
(Font)              <7> on input line 15.

Underfull \hbox (badness 10000) in paragraph at lines 18--19

 []


Underfull \hbox (badness 10000) in paragraph at lines 20--21

 []

<resources/1-1-0.png, id=1, 459.21562pt x 57.96657pt>
File: resources/1-1-0.png Graphic file (type png)
<use resources/1-1-0.png>
Package pdftex.def Info: resources/1-1-0.png  used on input line 23.
(pdftex.def)             Requested size: 367.37299pt x 46.3733pt.

Underfull \hbox (badness 10000) in paragraph at lines 22--25

 []

[1

{C:/Users/Pc/AppData/Local/MiKTeX/2.9/pdftex/config/pdftex.map} <./resources/1-
1-0.png>]
Underfull \hbox (badness 10000) in paragraph at lines 28--29

 []

<resources/1-1-1.png, id=11, 454.69875pt x 111.41624pt>
File: resources/1-1-1.png Graphic file (type png)
<use resources/1-1-1.png>
Package pdftex.def Info: resources/1-1-1.png  used on input line 30.
(pdftex.def)             Requested size: 363.75949pt x 89.1331pt.
<resources/1-1-2.png, id=12, 458.46281pt x 112.92188pt>
File: resources/1-1-2.png Graphic file (type png)
<use resources/1-1-2.png>
Package pdftex.def Info: resources/1-1-2.png  used on input line 32.
(pdftex.def)             Requested size: 366.77074pt x 90.3376pt.
<resources/1-1-3.png, id=13, 453.19313pt x 112.92188pt>
File: resources/1-1-3.png Graphic file (type png)
<use resources/1-1-3.png>
Package pdftex.def Info: resources/1-1-3.png  used on input line 34.
(pdftex.def)             Requested size: 362.555pt x 90.3376pt.

Underfull \hbox (badness 10000) in paragraph at lines 38--39

 []

<resources/1-0-0.png, id=14, 221.32687pt x 94.10156pt>
File: resources/1-0-0.png Graphic file (type png)
<use resources/1-0-0.png>
Package pdftex.def Info: resources/1-0-0.png  used on input line 40.
(pdftex.def)             Requested size: 177.06172pt x 75.28134pt.
<resources/1-2-1.png, id=15, 454.69875pt x 100.12407pt>
File: resources/1-2-1.png Graphic file (type png)
<use resources/1-2-1.png>
Package pdftex.def Info: resources/1-2-1.png  used on input line 45.
(pdftex.def)             Requested size: 363.75949pt x 80.09935pt.
[2 <./resources/1-1-1.png> <./resources/1-1-2.png> <./resources/1-1-3.png> <./r
esources/1-0-0.png>]
<resources/1-2-2.png, id=24, 459.96844pt x 116.68594pt>
File: resources/1-2-2.png Graphic file (type png)
<use resources/1-2-2.png>
Package pdftex.def Info: resources/1-2-2.png  used on input line 47.
(pdftex.def)             Requested size: 367.97525pt x 93.34886pt.
<resources/1-3-1.png, id=25, 448.67625pt x 97.11281pt>
File: resources/1-3-1.png Graphic file (type png)
<use resources/1-3-1.png>
Package pdftex.def Info: resources/1-3-1.png  used on input line 53.
(pdftex.def)             Requested size: 358.94148pt x 77.69034pt.
<resources/1-3-2.png, id=26, 413.29407pt x 90.3375pt>
File: resources/1-3-2.png Graphic file (type png)
<use resources/1-3-2.png>
Package pdftex.def Info: resources/1-3-2.png  used on input line 55.
(pdftex.def)             Requested size: 330.6357pt x 72.27008pt.

Underfull \hbox (badness 10000) in paragraph at lines 60--61

 []

<resources/2-1-1.png, id=27, 380.17032pt x 109.91063pt>
File: resources/2-1-1.png Graphic file (type png)
<use resources/2-1-1.png>
Package pdftex.def Info: resources/2-1-1.png  used on input line 62.
(pdftex.def)             Requested size: 304.13666pt x 87.9286pt.
[3 <./resources/1-2-1.png> <./resources/1-2-2.png> <./resources/1-3-1.png> <./r
esources/1-3-2.png>]
<resources/2-1-2.png, id=35, 380.17032pt x 109.91063pt>
File: resources/2-1-2.png Graphic file (type png)
<use resources/2-1-2.png>
Package pdftex.def Info: resources/2-1-2.png  used on input line 64.
(pdftex.def)             Requested size: 304.13666pt x 87.9286pt.
<resources/2-1-3.png, id=36, 344.03531pt x 134.00063pt>
File: resources/2-1-3.png Graphic file (type png)
<use resources/2-1-3.png>
Package pdftex.def Info: resources/2-1-3.png  used on input line 66.
(pdftex.def)             Requested size: 275.22862pt x 107.20062pt.
<resources/2-1-4.png, id=37, 206.27063pt x 25.59563pt>
File: resources/2-1-4.png Graphic file (type png)
<use resources/2-1-4.png>
Package pdftex.def Info: resources/2-1-4.png  used on input line 68.
(pdftex.def)             Requested size: 165.01671pt x 20.47652pt.
<resources/2-1-5.png, id=38, 353.82187pt x 99.37125pt>
File: resources/2-1-5.png Graphic file (type png)
<use resources/2-1-5.png>
Package pdftex.def Info: resources/2-1-5.png  used on input line 70.
(pdftex.def)             Requested size: 283.05788pt x 79.4971pt.
LaTeX Font Info:    Try loading font information for OMS+cmr on input line 76.

("C:\Users\Pc\AppData\Local\Programs\MiKTeX 2.9\tex/latex/base\omscmr.fd"
File: omscmr.fd 2014/09/29 v2.5h Standard LaTeX font definitions
)
LaTeX Font Info:    Font shape `OMS/cmr/m/n' in size <12> not available
(Font)              Font shape `OMS/cmsy/m/n' tried instead on input line 76.

[4 <./resources/2-1-1.png> <./resources/2-1-2.png> <./resources/2-1-3.png> <./r
esources/2-1-4.png> <./resources/2-1-5.png>]
Underfull \hbox (badness 10000) in paragraph at lines 79--80

 []


Underfull \hbox (badness 10000) in paragraph at lines 94--95

 []

<resources/2-4-1.png, id=47, 382.42876pt x 120.45pt>
File: resources/2-4-1.png Graphic file (type png)
<use resources/2-4-1.png>
Package pdftex.def Info: resources/2-4-1.png  used on input line 96.
(pdftex.def)             Requested size: 305.9434pt x 96.3601pt.
<resources/2-4-2.png, id=48, 342.5297pt x 146.79843pt>
File: resources/2-4-2.png Graphic file (type png)
<use resources/2-4-2.png>
Package pdftex.def Info: resources/2-4-2.png  used on input line 98.
(pdftex.def)             Requested size: 274.02412pt x 117.43889pt.
[5 <./resources/2-4-1.png> <./resources/2-4-2.png>]
<resources/2-4-3.png, id=55, 385.44pt x 109.1578pt>
File: resources/2-4-3.png Graphic file (type png)
<use resources/2-4-3.png>
Package pdftex.def Info: resources/2-4-3.png  used on input line 100.
(pdftex.def)             Requested size: 308.35242pt x 87.32635pt.

Underfull \hbox (badness 10000) in paragraph at lines 105--106

 []

<resources/3-1-2.png, id=56, 177.66376pt x 147.55125pt>
File: resources/3-1-2.png Graphic file (type png)
<use resources/3-1-2.png>
Package pdftex.def Info: resources/3-1-2.png  used on input line 120.
(pdftex.def)             Requested size: 142.13118pt x 118.04114pt.
[6 <./resources/2-4-3.png> <./resources/3-1-2.png>]
<resources/3-1-1.png, id=62, 253.69781pt x 214.55156pt>
File: resources/3-1-1.png Graphic file (type png)
<use resources/3-1-1.png>
Package pdftex.def Info: resources/3-1-1.png  used on input line 131.
(pdftex.def)             Requested size: 202.95851pt x 171.64146pt.
<resources/3-1-3.png, id=63, 455.45157pt x 317.68687pt>
File: resources/3-1-3.png Graphic file (type png)
<use resources/3-1-3.png>
Package pdftex.def Info: resources/3-1-3.png  used on input line 144.
(pdftex.def)             Requested size: 364.36174pt x 254.14983pt.
 [7 <./resources/3-1-1.png>]
<resources/3-2-1.png, id=69, 437.38406pt x 110.66344pt>
File: resources/3-2-1.png Graphic file (type png)
<use resources/3-2-1.png>
Package pdftex.def Info: resources/3-2-1.png  used on input line 146.
(pdftex.def)             Requested size: 349.90771pt x 88.53085pt.
<resources/3-3-1.png, id=70, 376.40625pt x 109.1578pt>
File: resources/3-3-1.png Graphic file (type png)
<use resources/3-3-1.png>
Package pdftex.def Info: resources/3-3-1.png  used on input line 151.
(pdftex.def)             Requested size: 301.1254pt x 87.32635pt.
<resources/3-3-2.png, id=71, 377.15906pt x 107.65219pt>
File: resources/3-3-2.png Graphic file (type png)
<use resources/3-3-2.png>
Package pdftex.def Info: resources/3-3-2.png  used on input line 153.
(pdftex.def)             Requested size: 301.72766pt x 86.12186pt.
[8 <./resources/3-1-3.png> <./resources/3-2-1.png> <./resources/3-3-1.png>]
<resources/4-1-1.png, id=78, 242.40562pt x 84.315pt>
File: resources/4-1-1.png Graphic file (type png)
<use resources/4-1-1.png>
Package pdftex.def Info: resources/4-1-1.png  used on input line 168.
(pdftex.def)             Requested size: 193.92474pt x 67.45207pt.
<resources/4-2-1.png, id=79, 792.71156pt x 72.27pt>
File: resources/4-2-1.png Graphic file (type png)
<use resources/4-2-1.png>
Package pdftex.def Info: resources/4-2-1.png  used on input line 173.
(pdftex.def)             Requested size: 396.35481pt x 36.1349pt.

Overfull \hbox (6.35481pt too wide) in paragraph at lines 173--174
 [] 
 []

<resources/4-2-2.png, id=80, 466.47pt x 220.095pt>
File: resources/4-2-2.png Graphic file (type png)
<use resources/4-2-2.png>
Package pdftex.def Info: resources/4-2-2.png  used on input line 177.
(pdftex.def)             Requested size: 373.1765pt x 176.07623pt.
[9 <./resources/3-3-2.png> <./resources/4-1-1.png> <./resources/4-2-1.png>]
Underfull \hbox (badness 10000) in paragraph at lines 183--184

 []

<resources/5-1-1.png, id=87, 232.61906pt x 85.82062pt>
File: resources/5-1-1.png Graphic file (type png)
<use resources/5-1-1.png>
Package pdftex.def Info: resources/5-1-1.png  used on input line 191.
(pdftex.def)             Requested size: 186.09549pt x 68.65657pt.
<resources/5-1-2.png, id=88, 651.93562pt x 280.79906pt>
File: resources/5-1-2.png Graphic file (type png)
<use resources/5-1-2.png>
Package pdftex.def Info: resources/5-1-2.png  used on input line 196.
(pdftex.def)             Requested size: 391.16438pt x 168.48073pt.

Overfull \hbox (1.16438pt too wide) in paragraph at lines 196--197
 [] 
 []

[10 <./resources/4-2-2.png> <./resources/5-1-1.png>]
<resources/5-1-3.png, id=94, 298.11375pt x 50.43843pt>
File: resources/5-1-3.png Graphic file (type png)
<use resources/5-1-3.png>
Package pdftex.def Info: resources/5-1-3.png  used on input line 200.
(pdftex.def)             Requested size: 238.49132pt x 40.35078pt.
<resources/5-1-4.png, id=95, 652.68843pt x 162.6075pt>
File: resources/5-1-4.png Graphic file (type png)
<use resources/5-1-4.png>
Package pdftex.def Info: resources/5-1-4.png  used on input line 204.
(pdftex.def)             Requested size: 391.61609pt x 97.56525pt.

Overfull \hbox (1.61609pt too wide) in paragraph at lines 204--205
 [] 
 []

<resources/5-2-2.png, id=96, 359.09157pt x 60.97781pt>
File: resources/5-2-2.png Graphic file (type png)
<use resources/5-2-2.png>
Package pdftex.def Info: resources/5-2-2.png  used on input line 211.
(pdftex.def)             Requested size: 287.27364pt x 48.78229pt.
<resources/5-2-1.png, id=97, 677.53125pt x 245.41687pt>
File: resources/5-2-1.png Graphic file (type png)
<use resources/5-2-1.png>
Package pdftex.def Info: resources/5-2-1.png  used on input line 215.
(pdftex.def)             Requested size: 406.52188pt x 147.25125pt.

Overfull \hbox (16.52188pt too wide) in paragraph at lines 215--216
 [] 
 []

[11 <./resources/5-1-2.png> <./resources/5-1-3.png> <./resources/5-1-4.png> <./
resources/5-2-2.png>]
Underfull \hbox (badness 10000) in paragraph at lines 217--218

 []

<resources/5-3-1.png, id=105, 417.81094pt x 253.69781pt>
File: resources/5-3-1.png Graphic file (type png)
<use resources/5-3-1.png>
Package pdftex.def Info: resources/5-3-1.png  used on input line 221.
(pdftex.def)             Requested size: 334.2492pt x 202.95851pt.
[12 <./resources/5-2-1.png> <./resources/5-3-1.png>]
<resources/5-3-3.png, id=111, 458.46281pt x 97.86563pt>
File: resources/5-3-3.png Graphic file (type png)
<use resources/5-3-3.png>
Package pdftex.def Info: resources/5-3-3.png  used on input line 247.
(pdftex.def)             Requested size: 366.77074pt x 78.29259pt.
<resources/5-3-2.png, id=112, 465.99094pt x 131.74219pt>
File: resources/5-3-2.png Graphic file (type png)
<use resources/5-3-2.png>
Package pdftex.def Info: resources/5-3-2.png  used on input line 251.
(pdftex.def)             Requested size: 372.79324pt x 105.39388pt.
<resources/5-3-4.png, id=113, 398.99063pt x 611.28375pt>
File: resources/5-3-4.png Graphic file (type png)
<use resources/5-3-4.png>
Package pdftex.def Info: resources/5-3-4.png  used on input line 255.
(pdftex.def)             Requested size: 319.19293pt x 489.02766pt.
 [13 <./resources/5-3-3.png> <./resources/5-3-2.png>]
<resources/5-3-5.png, id=120, 494.59781pt x 293.59688pt>
File: resources/5-3-5.png Graphic file (type png)
<use resources/5-3-5.png>
Package pdftex.def Info: resources/5-3-5.png  used on input line 259.
(pdftex.def)             Requested size: 296.76097pt x 176.15947pt.
 [14 <./resources/5-3-4.png>]
<resources/5-3-6.png, id=125, 425.59pt x 344.28625pt>
File: resources/5-3-6.png Graphic file (type png)
<use resources/5-3-6.png>
Package pdftex.def Info: resources/5-3-6.png  used on input line 284.
(pdftex.def)             Requested size: 297.91095pt x 240.99872pt.
 [15 <./resources/5-3-5.png>]
<resources/5-4-1.png, id=130, 631.60968pt x 126.4725pt>
File: resources/5-4-1.png Graphic file (type png)
<use resources/5-4-1.png>
Package pdftex.def Info: resources/5-4-1.png  used on input line 289.
(pdftex.def)             Requested size: 378.96873pt x 75.88408pt.
 [16 <./resources/5-3-6.png> <./resources/5-4-1.png>]
Overfull \hbox (11.3752pt too wide) in paragraph at lines 329--329
[]        \OT1/cmtt/m/n/12 .... 0... .... = Congestion Window Reduced (CWR): No
t set[] 
 []

LaTeX Font Info:    Try loading font information for OMS+cmtt on input line 329
.
LaTeX Font Info:    No file OMScmtt.fd. on input line 329.

LaTeX Font Warning: Font shape `OMS/cmtt/m/n' undefined
(Font)              using `OMS/cmsy/m/n' instead
(Font)              for symbol `textperiodcentered' on input line 329.

[17]
Overfull \hbox (11.3752pt too wide) in paragraph at lines 367--367
[]        \OT1/cmtt/m/n/12 .... 0... .... = Congestion Window Reduced (CWR): No
t set[] 
 []


Underfull \hbox (badness 10000) in paragraph at lines 368--369

 []

<resources/5-5-1.png, id=139, 485.56406pt x 294.34969pt>
File: resources/5-5-1.png Graphic file (type png)
<use resources/5-5-1.png>
Package pdftex.def Info: resources/5-5-1.png  used on input line 372.
(pdftex.def)             Requested size: 388.45177pt x 235.48006pt.
[18]
Underfull \hbox (badness 10000) in paragraph at lines 374--375

 []


Underfull \hbox (badness 10000) in paragraph at lines 376--377

 []

<resources/5-6-1.png, id=143, 501.37312pt x 585.68813pt>
File: resources/5-6-1.png Graphic file (type png)
<use resources/5-6-1.png>
Package pdftex.def Info: resources/5-6-1.png  used on input line 380.
(pdftex.def)             Requested size: 350.95879pt x 409.97888pt.
[19 <./resources/5-5-1.png>]
<resources/5-6-2.png, id=149, 501.37312pt x 585.68813pt>
File: resources/5-6-2.png Graphic file (type png)
<use resources/5-6-2.png>
Package pdftex.def Info: resources/5-6-2.png  used on input line 385.
(pdftex.def)             Requested size: 350.95879pt x 409.97888pt.
 [20 <./resources/5-6-1.png (PNG copy)>]
<resources/5-6-3.png, id=153, 501.37312pt x 585.68813pt>
File: resources/5-6-3.png Graphic file (type png)
<use resources/5-6-3.png>
Package pdftex.def Info: resources/5-6-3.png  used on input line 388.
(pdftex.def)             Requested size: 350.95879pt x 409.97888pt.
 [21 <./resources/5-6-2.png (PNG copy)>]
<resources/6-1-1.png, id=157, 697.10437pt x 231.11343pt>
File: resources/6-1-1.png Graphic file (type png)
<use resources/6-1-1.png>
Package pdftex.def Info: resources/6-1-1.png  used on input line 393.
(pdftex.def)             Requested size: 418.26584pt x 138.66913pt.

Overfull \hbox (28.26584pt too wide) in paragraph at lines 393--394
 [] 
 []

[22 <./resources/5-6-3.png (PNG copy)>] [23 <./resources/6-1-1.png>]
(2020-03-15-SRI-Gr02-HOFFMANN.aux)

LaTeX Font Warning: Some font shapes were not available, defaults substituted.

 ) 
Here is how much of TeX's memory you used:
 1775 strings out of 492946
 29791 string characters out of 3127598
 88746 words of memory out of 3000000
 5627 multiletter control sequences out of 15000+200000
 7247 words of font info for 27 fonts, out of 3000000 for 9000
 1141 hyphenation exceptions out of 8191
 41i,6n,25p,579b,246s stack positions out of 5000i,500n,10000p,200000b,50000s
<C:/Users/Pc/AppData/Local/Programs/MiKTeX 2.9/fonts/type1/public/amsfonts/cm
/cmbx12.pfb><C:/Users/Pc/AppData/Local/Programs/MiKTeX 2.9/fonts/type1/public/a
msfonts/cm/cmr12.pfb><C:/Users/Pc/AppData/Local/Programs/MiKTeX 2.9/fonts/type1
/public/amsfonts/cm/cmr17.pfb><C:/Users/Pc/AppData/Local/Programs/MiKTeX 2.9/fo
nts/type1/public/amsfonts/cm/cmsy10.pfb><C:/Users/Pc/AppData/Local/Programs/MiK
TeX 2.9/fonts/type1/public/amsfonts/cm/cmtt12.pfb>
Output written on 2020-03-15-SRI-Gr02-HOFFMANN.pdf (23 pages, 626257 bytes).
PDF statistics:
 182 PDF objects out of 1000 (max. 8388607)
 0 named destinations out of 1000 (max. 500000)
 221 words of extra memory for PDF output out of 10000 (max. 10000000)

